<?xml version="1.0" encoding="UTF-8"?>
<!-- Generated by org.testng.reporters.JUnitReportReporter -->
<testsuite hostname="DESKTOP-6OIGOVE" failures="0" tests="1" name="jenkins_package.NewTest3" time="8.893" errors="0" timestamp="2025-08-26T10:10:45 IST" skipped="0">
  <testcase classname="jenkins_package.NewTest3" name="f" time="8.893"/>
</testsuite> <!-- jenkins_package.NewTest3 -->
