<?xml version="1.0" encoding="UTF-8"?>
<!-- Generated by org.testng.reporters.JUnitReportReporter -->
<testsuite hostname="DESKTOP-6OIGOVE" failures="0" tests="1" name="jenkins_package.NewTest" time="24.871" errors="0" timestamp="2025-08-25T17:16:23 IST" skipped="0">
  <testcase classname="jenkins_package.NewTest" name="f" time="24.871"/>
</testsuite> <!-- jenkins_package.NewTest -->
